\BOOKMARK [1][-]{section.1}{Overview}{}% 1
\BOOKMARK [0][-]{part.1}{I\040Android\040Platform}{}% 2
\BOOKMARK [1][-]{section.2}{Offical\040Documents\040for\040Sensors}{part.1}% 3
\BOOKMARK [2][-]{subsection.2.1}{SDK\040referecnce\040\(for\040developers\)}{section.2}% 4
\BOOKMARK [2][-]{subsection.2.2}{Documents\040targeted\040at\040manufacturers}{section.2}% 5
\BOOKMARK [2][-]{subsection.2.3}{Sensor's\040type}{section.2}% 6
\BOOKMARK [2][-]{subsection.2.4}{How\040to\040get\040a\040wakeup\040or\040non-wakeup\040sensor}{section.2}% 7
\BOOKMARK [2][-]{subsection.2.5}{Sensor\040Registration\040and\040Unregistration}{section.2}% 8
\BOOKMARK [3][-]{subsubsection.2.5.1}{Registration}{subsection.2.5}% 9
\BOOKMARK [3][-]{subsubsection.2.5.2}{Unregistration}{subsection.2.5}% 10
\BOOKMARK [3][-]{subsubsection.2.5.3}{TODO}{subsection.2.5}% 11
\BOOKMARK [2][-]{subsection.2.6}{Bizarre\040Usage\040Examples}{section.2}% 12
\BOOKMARK [3][-]{subsubsection.2.6.1}{On\040SensorManager\040Instance}{subsection.2.6}% 13
\BOOKMARK [3][-]{subsubsection.2.6.2}{On\040Getting\040Sensors}{subsection.2.6}% 14
\BOOKMARK [3][-]{subsubsection.2.6.3}{On\040Registration}{subsection.2.6}% 15
\BOOKMARK [1][-]{section.3}{Processes\040and\040Threads}{part.1}% 16
\BOOKMARK [2][-]{subsection.3.1}{Processes}{section.3}% 17
\BOOKMARK [2][-]{subsection.3.2}{Threads}{section.3}% 18
\BOOKMARK [3][-]{subsubsection.3.2.1}{Worker\040threads}{subsection.3.2}% 19
\BOOKMARK [3][-]{subsubsection.3.2.2}{TODO\040Thread-safe\040methods}{subsection.3.2}% 20
\BOOKMARK [3][-]{subsubsection.3.2.3}{Looper,\040Handler\040and\040Message}{subsection.3.2}% 21
\BOOKMARK [2][-]{subsection.3.3}{TODO\040Interproceess\040Communication}{section.3}% 22
\BOOKMARK [2][-]{subsection.3.4}{Other\040Event\040based\040libaraies}{section.3}% 23
\BOOKMARK [1][-]{section.4}{Lifecycle\040of\040components}{part.1}% 24
\BOOKMARK [2][-]{subsection.4.1}{Activity}{section.4}% 25
\BOOKMARK [3][-]{subsubsection.4.1.1}{Starting\040Activities\040and\040Getting\040Results}{subsection.4.1}% 26
\BOOKMARK [3][-]{subsubsection.4.1.2}{Process\040Lifecycle\040Based\040on\040Activity\040Lifecycle}{subsection.4.1}% 27
\BOOKMARK [2][-]{subsection.4.2}{Service}{section.4}% 28
\BOOKMARK [2][-]{subsection.4.3}{Content\040Providers}{section.4}% 29
\BOOKMARK [0][-]{part.2}{II\040Program\040Analysis}{}% 30
\BOOKMARK [1][-]{section.5}{Related\040Work}{part.2}% 31
\BOOKMARK [2][-]{subsection.5.1}{What\040is\040keeping\040my\040phone\040awake?:\040characterizing\040and\040detecting\040no-sleep\040energy\040bugs\040in\040smartphone\040apps}{section.5}% 32
\BOOKMARK [2][-]{subsection.5.2}{Where\040has\040my\040battery\040gone?\040Finding\040sensor\040related\040energy\040black\040holes\040in\040smartphone\040applications}{section.5}% 33
\BOOKMARK [2][-]{subsection.5.3}{Understanding\040and\040Detecting\040Wake\040Lock\040Misuses\040for\040Android\040Applications}{section.5}% 34
\BOOKMARK [2][-]{subsection.5.4}{Diagnosing\040Energy\040Efficiency\040and\040Performance\040for\040Mobile\040Internetware\040Applications}{section.5}% 35
\BOOKMARK [3][-]{subsubsection.5.4.1}{State-of-the-art\040Diagnosis\040and\040Tools}{subsection.5.4}% 36
\BOOKMARK [3][-]{subsubsection.5.4.2}{Disussion}{subsection.5.4}% 37
\BOOKMARK [2][-]{subsection.5.5}{Mining\040energy-greedy\040API\040usage\040patterns\040in\040Android\040apps:\040an\040empirical\040study}{section.5}% 38
\BOOKMARK [2][-]{subsection.5.6}{Towards\040verifying\040android\040apps\040for\040the\040absence\040of\040no-sleep\040energy\040bugs}{section.5}% 39
\BOOKMARK [2][-]{subsection.5.7}{Static\040control-flow\040analysis\040of\040user-driven\040callbacks\040in\040Android\040applications}{section.5}% 40
\BOOKMARK [2][-]{subsection.5.8}{WLCleaner:\040Reducing\040Energy\040Waste\040Caused\040by\040WakeLock\040Bugs\040at\040Runtime}{section.5}% 41
\BOOKMARK [2][-]{subsection.5.9}{LEAKPOINT:\040Pinpointing\040the\040Causes\040of\040Memory\040Leaks}{section.5}% 42
\BOOKMARK [2][-]{subsection.5.10}{eDoctor\040Automatically\040Diagnosing\040Abnormal\040Battery\040Drain\040Issues\040on\040Smartphones.}{section.5}% 43
\BOOKMARK [2][-]{subsection.5.11}{Effective\040Interprocedural\040Resource\040Leak\040Detection}{section.5}% 44
\BOOKMARK [2][-]{subsection.5.12}{Learning\040Resource\040Management\040Specifications\040in\040Smartphones}{section.5}% 45
\BOOKMARK [0][-]{part.3}{III\040Experiment}{}% 46
\BOOKMARK [1][-]{section.6}{Useful\040links}{part.3}% 47
\BOOKMARK [1][-]{section.7}{APK\040Collection}{part.3}% 48
\BOOKMARK [1][-]{section.8}{APK\040analysis}{part.3}% 49
\BOOKMARK [2][-]{subsection.8.1}{Dalvik\040bytecode}{section.8}% 50
\BOOKMARK [2][-]{subsection.8.2}{Apktool}{section.8}% 51
\BOOKMARK [2][-]{subsection.8.3}{smali/baksmali}{section.8}% 52
