This is pdfTeX, Version 3.1415926-1.40.11 (MiKTeX 2.9) (preloaded format=pdflatex 2016.6.28)  12 MAR 2017 20:25
entering extended mode
**H:/WXCode/android-work/survey/socket/doc/socket.tex
(H:/WXCode/android-work/survey/socket/doc/socket.tex
LaTeX2e <2009/09/24>
Babel <v3.8l> and hyphenation patterns for loaded.
(H:\ProgramFiles(x86)\CTEX\MiKTeX\tex\latex\base\article.cls
Document Class: article 2007/10/19 v1.4h Standard LaTeX document class
(H:\ProgramFiles(x86)\CTEX\MiKTeX\tex\latex\base\size10.clo
File: size10.clo 2007/10/19 v1.4h Standard LaTeX file (size option)
)
\c@part=\count79
\c@section=\count80
\c@subsection=\count81
\c@subsubsection=\count82
\c@paragraph=\count83
\c@subparagraph=\count84
\c@figure=\count85
\c@table=\count86
\abovecaptionskip=\skip41
\belowcaptionskip=\skip42
\bibindent=\dimen102
)
(H:\ProgramFiles(x86)\CTEX\CTeX\tex\latex\ctex\ctex.sty
Package: ctex 2010/10/17 v1.02 ctex macros package

(H:\ProgramFiles(x86)\CTEX\CTeX\tex\latex\ctex\opt\ctex-common-opts.def)
(H:\ProgramFiles(x86)\CTEX\CTeX\tex\latex\ctex\cfg\ctexopts.cfg)
(H:\ProgramFiles(x86)\CTEX\CTeX\tex\latex\ctex\def\ctex-common.def
(H:\ProgramFiles(x86)\CTEX\MiKTeX\tex\generic\oberdiek\ifpdf.sty
Package: ifpdf 2010/01/28 v2.1 Provides the ifpdf switch (HO)
Package ifpdf Info: pdfTeX in pdf mode detected.
)
(H:\ProgramFiles(x86)\CTEX\MiKTeX\tex\generic\ifxetex\ifxetex.sty
Package: ifxetex 2010/09/12 v0.6 Provides ifxetex conditional
)
(H:\ProgramFiles(x86)\CTEX\MiKTeX\tex\latex\graphics\keyval.sty
Package: keyval 1999/03/16 v1.13 key=value parser (DPC)
\KV@toks@=\toks14
)
(H:\ProgramFiles(x86)\CTEX\MiKTeX\tex\latex\tools\indentfirst.sty
Package: indentfirst 1995/11/23 v1.03 Indent first paragraph (DPC)
)
(H:\ProgramFiles(x86)\CTEX\MiKTeX\tex\latex\base\fix-cm.sty
Package: fix-cm 2006/09/13 v1.1m fixes to LaTeX

(H:\ProgramFiles(x86)\CTEX\MiKTeX\tex\latex\base\ts1enc.def
File: ts1enc.def 2001/06/05 v3.0e (jk/car/fm) Standard LaTeX file
))
(H:\ProgramFiles(x86)\CTEX\CTeX\tex\latex\ctex\engine\ctex-cjk-engine.def
(H:\ProgramFiles(x86)\CTEX\MiKTeX\tex\latex\cjk\CJK.sty
Package: CJK 2008/12/29 4.8.2

(H:\ProgramFiles(x86)\CTEX\MiKTeX\tex\latex\cjk\mule\MULEenc.sty
Package: MULEenc 2008/12/29 4.8.2
)
(H:\ProgramFiles(x86)\CTEX\MiKTeX\tex\latex\cjk\CJK.enc
File: CJK.enc 2008/12/29 4.8.2
)
LaTeX Info: Redefining \selectfont on input line 756.
\CJK@indent=\box26
)
(H:\ProgramFiles(x86)\CTEX\CTeX\tex\latex\CJKpunct\CJKpunct.sty
Package: CJKpunct 2010/02/21 4.8.2-2
\CJKpunct@cnta=\count87
\CJKpunct@cntb=\count88
\CJKpunct@cntc=\count89
\CJKpunct@cntd=\count90
\CJKpunct@cnte=\count91

(H:\ProgramFiles(x86)\CTEX\CTeX\tex\latex\CJKpunct\CJKpunct.spa))
(H:\ProgramFiles(x86)\CTEX\CTeX\tex\latex\ctex\engine\ctex-cjk-common.def
\ccwd=\dimen103
)
(H:\ProgramFiles(x86)\CTEX\CTeX\tex\latex\ctex\fontset\ctex-cjk-winfonts.def
(H:\ProgramFiles(x86)\CTEX\CTeX\tex\generic\zhmetrics\zhwinfonts.tex
(H:\ProgramFiles(x86)\CTEX\MiKTeX\tex\generic\oberdiek\ifpdf.sty
Package ifpdf Info: The package is already loaded, stopped on input line 58.
){H:/ProgramFiles(x86)/CTEX/UserData/pdftex/config/pdftex.map{Unicode.sfd}{UGBK
.sfd}})))
\CTEX@q=\count92
\CTEX@r=\count93
))
(H:\ProgramFiles(x86)\CTEX\CTeX\tex\latex\ctex\def\ctex-gbk.def)
(H:\ProgramFiles(x86)\CTEX\CTeX\tex\latex\ctex\cfg\ctex.cfg)
(H:\ProgramFiles(x86)\CTEX\MiKTeX\tex\latex\ams\math\amsmath.sty
Package: amsmath 2000/07/18 v2.13 AMS math features
\@mathmargin=\skip43

For additional information on amsmath, use the `?' option.
(H:\ProgramFiles(x86)\CTEX\MiKTeX\tex\latex\ams\math\amstext.sty
Package: amstext 2000/06/29 v2.01

(H:\ProgramFiles(x86)\CTEX\MiKTeX\tex\latex\ams\math\amsgen.sty
File: amsgen.sty 1999/11/30 v2.0
\@emptytoks=\toks15
\ex@=\dimen104
))
(H:\ProgramFiles(x86)\CTEX\MiKTeX\tex\latex\ams\math\amsbsy.sty
Package: amsbsy 1999/11/29 v1.2d
\pmbraise@=\dimen105
)
(H:\ProgramFiles(x86)\CTEX\MiKTeX\tex\latex\ams\math\amsopn.sty
Package: amsopn 1999/12/14 v2.01 operator names
)
\inf@bad=\count94
LaTeX Info: Redefining \frac on input line 211.
\uproot@=\count95
\leftroot@=\count96
LaTeX Info: Redefining \overline on input line 307.
\classnum@=\count97
\DOTSCASE@=\count98
LaTeX Info: Redefining \ldots on input line 379.
LaTeX Info: Redefining \dots on input line 382.
LaTeX Info: Redefining \cdots on input line 467.
\Mathstrutbox@=\box27
\strutbox@=\box28
\big@size=\dimen106
LaTeX Font Info:    Redeclaring font encoding OML on input line 567.
LaTeX Font Info:    Redeclaring font encoding OMS on input line 568.
\macc@depth=\count99
\c@MaxMatrixCols=\count100
\dotsspace@=\muskip10
\c@parentequation=\count101
\dspbrk@lvl=\count102
\tag@help=\toks16
\row@=\count103
\column@=\count104
\maxfields@=\count105
\andhelp@=\toks17
\eqnshift@=\dimen107
\alignsep@=\dimen108
\tagshift@=\dimen109
\tagwidth@=\dimen110
\totwidth@=\dimen111
\lineht@=\dimen112
\@envbody=\toks18
\multlinegap=\skip44
\multlinetaggap=\skip45
\mathdisplay@stack=\toks19
LaTeX Info: Redefining \[ on input line 2666.
LaTeX Info: Redefining \] on input line 2667.
)
(H:\ProgramFiles(x86)\CTEX\MiKTeX\tex\latex\amsfonts\amssymb.sty
Package: amssymb 2009/06/22 v3.00

(H:\ProgramFiles(x86)\CTEX\MiKTeX\tex\latex\amsfonts\amsfonts.sty
Package: amsfonts 2009/06/22 v3.00 Basic AMSFonts support
\symAMSa=\mathgroup4
\symAMSb=\mathgroup5
LaTeX Font Info:    Overwriting math alphabet `\mathfrak' in version `bold'
(Font)                  U/euf/m/n --> U/euf/b/n on input line 96.
))
(H:\ProgramFiles(x86)\CTEX\MiKTeX\tex\latex\ulem\ulem.sty
\UL@box=\box29
\UL@hyphenbox=\box30
\UL@skip=\skip46
\UL@hook=\toks20
\UL@pe=\count106
\UL@pixel=\dimen113
\ULC@box=\box31
Package: ulem 2010/10/03
\ULdepth=\dimen114
)
(H:\ProgramFiles(x86)\CTEX\MiKTeX\tex\latex\graphics\graphicx.sty
Package: graphicx 1999/02/16 v1.0f Enhanced LaTeX Graphics (DPC,SPQR)

(H:\ProgramFiles(x86)\CTEX\MiKTeX\tex\latex\graphics\graphics.sty
Package: graphics 2009/02/05 v1.0o Standard LaTeX Graphics (DPC,SPQR)

(H:\ProgramFiles(x86)\CTEX\MiKTeX\tex\latex\graphics\trig.sty
Package: trig 1999/03/16 v1.09 sin cos tan (DPC)
)
(H:\ProgramFiles(x86)\CTEX\MiKTeX\tex\latex\00miktex\graphics.cfg
File: graphics.cfg 2007/01/18 v1.5 graphics configuration of teTeX/TeXLive
)
Package graphics Info: Driver file: pdftex.def on input line 91.

(H:\ProgramFiles(x86)\CTEX\MiKTeX\tex\latex\pdftex-def\pdftex.def
File: pdftex.def 2010/11/26 v0.05c Graphics/color for pdfTeX
\Gread@gobject=\count107
))
\Gin@req@height=\dimen115
\Gin@req@width=\dimen116
)
(H:\ProgramFiles(x86)\CTEX\MiKTeX\tex\latex\fancyhdr\fancyhdr.sty
\fancy@headwidth=\skip47
\f@ncyO@elh=\skip48
\f@ncyO@erh=\skip49
\f@ncyO@olh=\skip50
\f@ncyO@orh=\skip51
\f@ncyO@elf=\skip52
\f@ncyO@erf=\skip53
\f@ncyO@olf=\skip54
\f@ncyO@orf=\skip55
)
(H:\ProgramFiles(x86)\CTEX\MiKTeX\tex\latex\geometry\geometry.sty
Package: geometry 2010/09/12 v5.6 Page Geometry

(H:\ProgramFiles(x86)\CTEX\MiKTeX\tex\generic\oberdiek\ifvtex.sty
Package: ifvtex 2010/03/01 v1.5 Switches for detecting VTeX and its modes (HO)
Package ifvtex Info: VTeX not detected.
)
\Gm@cnth=\count108
\Gm@cntv=\count109
\c@Gm@tempcnt=\count110
\Gm@bindingoffset=\dimen117
\Gm@wd@mp=\dimen118
\Gm@odd@mp=\dimen119
\Gm@even@mp=\dimen120
\Gm@layoutwidth=\dimen121
\Gm@layoutheight=\dimen122
\Gm@layouthoffset=\dimen123
\Gm@layoutvoffset=\dimen124
\Gm@dimlist=\toks21

(H:\ProgramFiles(x86)\CTEX\MiKTeX\tex\latex\geometry\geometry.cfg))
(H:\WXCode\android-work\survey\socket\doc\socket.aux)
LaTeX Font Info:    Checking defaults for OML/cmm/m/it on input line 24.
LaTeX Font Info:    ... okay on input line 24.
LaTeX Font Info:    Checking defaults for T1/cmr/m/n on input line 24.
LaTeX Font Info:    ... okay on input line 24.
LaTeX Font Info:    Checking defaults for OT1/cmr/m/n on input line 24.
LaTeX Font Info:    ... okay on input line 24.
LaTeX Font Info:    Checking defaults for OMS/cmsy/m/n on input line 24.
LaTeX Font Info:    ... okay on input line 24.
LaTeX Font Info:    Checking defaults for OMX/cmex/m/n on input line 24.
LaTeX Font Info:    ... okay on input line 24.
LaTeX Font Info:    Checking defaults for U/cmr/m/n on input line 24.
LaTeX Font Info:    ... okay on input line 24.
LaTeX Font Info:    Checking defaults for TS1/cmr/m/n on input line 24.
LaTeX Font Info:    ... okay on input line 24.
LaTeX Font Info:    Checking defaults for C00/song/m/n on input line 24.
LaTeX Font Info:    ... okay on input line 24.
LaTeX Font Info:    Checking defaults for C05/song/m/n on input line 24.
LaTeX Font Info:    ... okay on input line 24.
LaTeX Font Info:    Checking defaults for C09/song/m/n on input line 24.
LaTeX Font Info:    ... okay on input line 24.
LaTeX Font Info:    Checking defaults for C10/song/m/n on input line 24.
LaTeX Font Info:    ... okay on input line 24.
LaTeX Font Info:    Checking defaults for C20/song/m/n on input line 24.
LaTeX Font Info:    ... okay on input line 24.
LaTeX Font Info:    Checking defaults for C19/song/m/n on input line 24.
LaTeX Font Info:    ... okay on input line 24.
LaTeX Font Info:    Checking defaults for C40/song/m/n on input line 24.
LaTeX Font Info:    ... okay on input line 24.
LaTeX Font Info:    Checking defaults for C42/song/m/n on input line 24.
LaTeX Font Info:    ... okay on input line 24.
LaTeX Font Info:    Checking defaults for C43/song/m/n on input line 24.
LaTeX Font Info:    ... okay on input line 24.
LaTeX Font Info:    Checking defaults for C50/song/m/n on input line 24.
LaTeX Font Info:    ... okay on input line 24.
LaTeX Font Info:    Checking defaults for C52/song/m/n on input line 24.
LaTeX Font Info:    ... okay on input line 24.
LaTeX Font Info:    Checking defaults for C49/song/m/n on input line 24.
LaTeX Font Info:    ... okay on input line 24.
LaTeX Font Info:    Checking defaults for C60/mj/m/n on input line 24.
LaTeX Font Info:    ... okay on input line 24.
LaTeX Font Info:    Checking defaults for C61/mj/m/n on input line 24.
LaTeX Font Info:    ... okay on input line 24.
LaTeX Font Info:    Checking defaults for C63/mj/m/n on input line 24.
LaTeX Font Info:    ... okay on input line 24.
LaTeX Font Info:    Checking defaults for C64/mj/m/n on input line 24.
LaTeX Font Info:    ... okay on input line 24.
LaTeX Font Info:    Checking defaults for C65/mj/m/n on input line 24.
LaTeX Font Info:    ... okay on input line 24.
LaTeX Font Info:    Checking defaults for C70/song/m/n on input line 24.
LaTeX Font Info:    ... okay on input line 24.
LaTeX Font Info:    Checking defaults for C31/song/m/n on input line 24.
LaTeX Font Info:    ... okay on input line 24.
LaTeX Font Info:    Checking defaults for C32/song/m/n on input line 24.
LaTeX Font Info:    ... okay on input line 24.
LaTeX Font Info:    Checking defaults for C33/song/m/n on input line 24.
LaTeX Font Info:    ... okay on input line 24.
LaTeX Font Info:    Checking defaults for C34/song/m/n on input line 24.
LaTeX Font Info:    ... okay on input line 24.
LaTeX Font Info:    Checking defaults for C35/song/m/n on input line 24.
LaTeX Font Info:    ... okay on input line 24.
LaTeX Font Info:    Checking defaults for C36/song/m/n on input line 24.
LaTeX Font Info:    ... okay on input line 24.
LaTeX Font Info:    Checking defaults for C37/song/m/n on input line 24.
LaTeX Font Info:    ... okay on input line 24.
LaTeX Font Info:    Checking defaults for C80/song/m/n on input line 24.
LaTeX Font Info:    ... okay on input line 24.
LaTeX Font Info:    Checking defaults for C81/song/m/n on input line 24.
LaTeX Font Info:    ... okay on input line 24.
LaTeX Font Info:    Checking defaults for C01/song/m/n on input line 24.
LaTeX Font Info:    ... okay on input line 24.
LaTeX Font Info:    Checking defaults for C11/song/m/n on input line 24.
LaTeX Font Info:    ... okay on input line 24.
LaTeX Font Info:    Checking defaults for C21/song/m/n on input line 24.
LaTeX Font Info:    ... okay on input line 24.
LaTeX Font Info:    Checking defaults for C41/song/m/n on input line 24.
LaTeX Font Info:    ... okay on input line 24.
LaTeX Font Info:    Checking defaults for C62/song/m/n on input line 24.
LaTeX Font Info:    ... okay on input line 24.

(H:\ProgramFiles(x86)\CTEX\UserData\tex\context\base\supp-pdf.mkii
[Loading MPS to PDF converter (version 2006.09.02).]
\scratchcounter=\count111
\scratchdimen=\dimen125
\scratchbox=\box32
\nofMPsegments=\count112
\nofMParguments=\count113
\everyMPshowfont=\toks22
\MPscratchCnt=\count114
\MPscratchDim=\dimen126
\MPnumerator=\count115
\makeMPintoPDFobject=\count116
\everyMPtoPDFconversion=\toks23
)
*geometry* driver: auto-detecting
*geometry* detected driver: pdftex
*geometry* verbose mode - [ preamble ] result:
* driver: pdftex
* paper: <default>
* layout: <same size as paper>
* layoutoffset:(h,v)=(0.0pt,0.0pt)
* modes: 
* h-part:(L,W,R)=(71.13188pt, 472.03123pt, 71.13188pt)
* v-part:(T,H,B)=(85.35826pt, 624.25346pt, 85.35826pt)
* \paperwidth=614.295pt
* \paperheight=794.96999pt
* \textwidth=472.03123pt
* \textheight=624.25346pt
* \oddsidemargin=-1.1381pt
* \evensidemargin=-1.1381pt
* \topmargin=-23.91173pt
* \headheight=12.0pt
* \headsep=25.0pt
* \topskip=10.0pt
* \footskip=30.0pt
* \marginparwidth=65.0pt
* \marginparsep=11.0pt
* \columnsep=10.0pt
* \skip\footins=9.0pt plus 4.0pt minus 2.0pt
* \hoffset=0.0pt
* \voffset=0.0pt
* \mag=1000
* \@twocolumnfalse
* \@twosidefalse
* \@mparswitchfalse
* \@reversemarginfalse
* (1in=72.27pt=25.4mm, 1cm=28.453pt)

(H:\ProgramFiles(x86)\CTEX\MiKTeX\tex\latex\cjk\standard.bdg
File: standard.bdg 2008/12/29 4.8.2
)
(H:\ProgramFiles(x86)\CTEX\MiKTeX\tex\latex\cjk\extended.enc
File: extended.enc 2008/12/29 4.8.2
)
(H:\ProgramFiles(x86)\CTEX\MiKTeX\tex\latex\cjk\extended.chr
File: extended.chr 2008/12/29 4.8.2
)
LaTeX Font Info:    Try loading font information for C19+rm on input line 26.

(H:\ProgramFiles(x86)\CTEX\CTeX\tex\latex\ctex\fd\c19rm.fd
File: c19rm.fd 2007/05/06 v0.8a ctex font definition file
)
LaTeX Font Info:    Try loading font information for U+msa on input line 26.

(H:\ProgramFiles(x86)\CTEX\MiKTeX\tex\latex\amsfonts\umsa.fd
File: umsa.fd 2009/06/22 v3.00 AMS symbols A
)
LaTeX Font Info:    Try loading font information for U+msb on input line 26.

(H:\ProgramFiles(x86)\CTEX\MiKTeX\tex\latex\amsfonts\umsb.fd
File: umsb.fd 2009/06/22 v3.00 AMS symbols B
)
(H:\WXCode\android-work\survey\socket\doc\socket.toc)
\tf@toc=\write3
Package CJKpunct Info: punctuation spaces for family 'zhsong' do not exist. Use
 family 'def' instead. on input line 30.
LaTeX Font Info:    Try loading font information for C19+tt on input line 71.

(H:\ProgramFiles(x86)\CTEX\CTeX\tex\latex\ctex\fd\c19tt.fd
File: c19tt.fd 2007/05/06 v0.8a ctex font definition file
)
Package CJKpunct Info: punctuation spaces for family 'zhfs' do not exist. Use f
amily 'def' instead. on input line 71.
 [1

]
Overfull \hbox (5.7146pt too wide) in paragraph at lines 71--71
[]                    \OT1/cmtt/m/n/10 "User-Agent: Mozilla/5.0 (Windows NT 10.
0; WOW64) AppleWebKit/537.36 "+[] 
 []

[2] <App.png, id=85, 322.95656pt x 532.23843pt>
File: App.png Graphic file (type png)
 <use App.png>
Overfull \hbox (39.65543pt too wide) in paragraph at lines 88--92
[]\C19/rm/m/n/10/36 S \C19/rm/m/n/10/65 R\OT1/cmr/m/n/10 6.0\C19/rm/m/n/10/61 ±
 \C19/rm/m/n/10/54 þ \C19/rm/m/n/10/37 Ø \C19/rm/m/n/10/63 2 # \C19/rm/m/n/10/6
0 N \C19/rm/m/n/10/58  \C19/rm/m/n/10/49 ä \C19/rm/m/n/10/37 ö \C19/rm/m/n/10/
65 Š \C19/rm/m/n/10/63 $ \C19/rm/m/n/10/60 1 \C19/rm/m/n/10/63 3 \C19/rm/m/n/10
/64 Ì \C19/rm/m/n/10/59 ‚ \C19/rm/m/n/10/38 §\OT1/cmr/m/n/10 (GUI\C19/rm/m/n/10
/59 ‚ \C19/rm/m/n/10/38 §\OT1/cmr/m/n/10 )\C19/rm/m/n/10/54 þ|\C19/rm/m/n/10/26
 §| \C19/rm/m/n/10/41 Ä \C19/rm/m/n/10/63 K $ \C19/rm/m/n/10/60 1 \C19/rm/m/n/1
0/55 ž \C19/rm/m/n/10/44 ¬ \C19/rm/m/n/10/52  \C19/rm/m/n/10/38 Ñ\OT1/cmr/m/n/
10 NetworkOnMainThreadException|\C19/rm/m/n/10/25 "|
 []

[3 <H:/WXCode/android-work/survey/socket/doc/App.png (PNG copy)>]
(H:\WXCode\android-work\survey\socket\doc\socket.aux) ) 
Here is how much of TeX's memory you used:
 5308 strings out of 495362
 78089 string characters out of 3183015
 127089 words of memory out of 3000000
 8298 multiletter control sequences out of 15000+200000
 40927 words of font info for 145 fonts, out of 3000000 for 9000
 14 hyphenation exceptions out of 8191
 31i,10n,43p,450b,553s stack positions out of 5000i,500n,10000p,200000b,50000s
<C:/WINDOWS/Fonts/simsun
.ttc><C:/WINDOWS/Fonts/simsun.ttc><C:/WINDOWS/Fonts/simsun.ttc><C:/WINDOWS/Font
s/simfang.ttf><C:/WINDOWS/Fonts/simfang.ttf><C:/WINDOWS/Fonts/simsun.ttc><C:/WI
NDOWS/Fonts/simsun.ttc><C:/WINDOWS/Fonts/simfang.ttf><C:/WINDOWS/Fonts/simfang.
ttf><C:/WINDOWS/Fonts/simfang.ttf><C:/WINDOWS/Fonts/simfang.ttf><C:/WINDOWS/Fon
ts/simfang.ttf><C:/WINDOWS/Fonts/simfang.ttf><C:/WINDOWS/Fonts/simfang.ttf><C:/
WINDOWS/Fonts/simfang.ttf><C:/WINDOWS/Fonts/simfang.ttf><C:/WINDOWS/Fonts/simfa
ng.ttf><C:/WINDOWS/Fonts/simfang.ttf><C:/WINDOWS/Fonts/simfang.ttf><C:/WINDOWS/
Fonts/simfang.ttf><C:/WINDOWS/Fonts/simfang.ttf><C:/WINDOWS/Fonts/simfang.ttf><
C:/WINDOWS/Fonts/simfang.ttf><C:/WINDOWS/Fonts/simfang.ttf><C:/WINDOWS/Fonts/si
mfang.ttf><C:/WINDOWS/Fonts/simfang.ttf><C:/WINDOWS/Fonts/simfang.ttf><C:/WINDO
WS/Fonts/simfang.ttf><C:/WINDOWS/Fonts/simsun.ttc><C:/WINDOWS/Fonts/simsun.ttc>
<C:/WINDOWS/Fonts/simsun.ttc><C:/WINDOWS/Fonts/simsun.ttc><C:/WINDOWS/Fonts/sim
sun.ttc><C:/WINDOWS/Fonts/simsun.ttc><C:/WINDOWS/Fonts/simsun.ttc><C:/WINDOWS/F
onts/simsun.ttc><C:/WINDOWS/Fonts/simsun.ttc><C:/WINDOWS/Fonts/simsun.ttc><C:/W
INDOWS/Fonts/simsun.ttc><C:/WINDOWS/Fonts/simsun.ttc><C:/WINDOWS/Fonts/simsun.t
tc><C:/WINDOWS/Fonts/simsun.ttc><C:/WINDOWS/Fonts/simsun.ttc><C:/WINDOWS/Fonts/
simsun.ttc><C:/WINDOWS/Fonts/simsun.ttc><C:/WINDOWS/Fonts/simsun.ttc><C:/WINDOW
S/Fonts/simsun.ttc><C:/WINDOWS/Fonts/simhei.ttf><C:/WINDOWS/Fonts/simhei.ttf><C
:/WINDOWS/Fonts/simhei.ttf><C:/WINDOWS/Fonts/simhei.ttf><C:/WINDOWS/Fonts/simhe
i.ttf><C:/WINDOWS/Fonts/simhei.ttf><C:/WINDOWS/Fonts/simhei.ttf><C:/WINDOWS/Fon
ts/simhei.ttf><C:/WINDOWS/Fonts/simhei.ttf><C:/WINDOWS/Fonts/simhei.ttf><C:/WIN
DOWS/Fonts/simhei.ttf><C:/WINDOWS/Fonts/simhei.ttf><C:/WINDOWS/Fonts/simhei.ttf
><C:/WINDOWS/Fonts/simhei.ttf><C:/WINDOWS/Fonts/simsun.ttc><C:/WINDOWS/Fonts/si
msun.ttc><C:/WINDOWS/Fonts/simsun.ttc><C:/WINDOWS/Fonts/simsun.ttc><C:/WINDOWS/
Fonts/simsun.ttc><C:/WINDOWS/Fonts/simsun.ttc><C:/WINDOWS/Fonts/simsun.ttc><C:/
WINDOWS/Fonts/simsun.ttc><H:/ProgramFiles(x86)/CTEX/MiKTeX/fonts/type1/public/a
msfonts/cm/cmbx10.pfb><H:/ProgramFiles(x86)/CTEX/MiKTeX/fonts/type1/public/amsf
onts/cm/cmbx12.pfb><H:/ProgramFiles(x86)/CTEX/MiKTeX/fonts/type1/public/amsfont
s/cm/cmr10.pfb><H:/ProgramFiles(x86)/CTEX/MiKTeX/fonts/type1/public/amsfonts/cm
/cmr12.pfb><H:/ProgramFiles(x86)/CTEX/MiKTeX/fonts/type1/public/amsfonts/cm/cmr
17.pfb><H:/ProgramFiles(x86)/CTEX/MiKTeX/fonts/type1/public/amsfonts/cm/cmr8.pf
b><H:/ProgramFiles(x86)/CTEX/MiKTeX/fonts/type1/public/amsfonts/cm/cmsy10.pfb><
H:/ProgramFiles(x86)/CTEX/MiKTeX/fonts/type1/public/amsfonts/cm/cmsy6.pfb><H:/P
rogramFiles(x86)/CTEX/MiKTeX/fonts/type1/public/amsfonts/cm/cmtt10.pfb>
Output written on socket.pdf (3 pages, 452515 bytes).
PDF statistics:
 325 PDF objects out of 1000 (max. 8388607)
 0 named destinations out of 1000 (max. 500000)
 6 words of extra memory for PDF output out of 10000 (max. 10000000)

